<?xml version="1.0" encoding="UTF-8"?>
<testng-results ignored="0" total="1" passed="1" failed="0" skipped="0">
  <reporter-output>
  </reporter-output>
  <suite started-at="2023-07-31T11:28:54 IST" name="Default suite" finished-at="2023-07-31T11:29:05 IST" duration-ms="11711">
    <groups>
    </groups>
    <test started-at="2023-07-31T11:28:54 IST" name="Default test" finished-at="2023-07-31T11:29:05 IST" duration-ms="11711">
      <class name="test.Testcls">
        <test-method is-config="true" signature="setup()[pri:0, instance:test.Testcls@4d5650ae]" started-at="2023-07-31T11:28:54 IST" name="setup" finished-at="2023-07-31T11:29:04 IST" duration-ms="9959" status="PASS">
          <reporter-output>
          </reporter-output>
        </test-method> <!-- setup -->
        <test-method signature="test()[pri:0, instance:test.Testcls@4d5650ae]" started-at="2023-07-31T11:29:04 IST" name="test" finished-at="2023-07-31T11:29:05 IST" duration-ms="1675" status="PASS">
          <reporter-output>
          </reporter-output>
        </test-method> <!-- test -->
      </class> <!-- test.Testcls -->
    </test> <!-- Default test -->
  </suite> <!-- Default suite -->
</testng-results>
